<?xml version="1.0" encoding="UTF-8"?>
<!-- Generated by org.testng.reporters.JUnitReportReporter -->
<testsuite hostname="DESKTOP-5VBKCKK" failures="0" tests="1" name="com.mk.testcases.LoginDataProvider" time="0.000" errors="0" timestamp="2024-11-05T10:57:44 IST" skipped="1">
  <testcase classname="com.mk.testcases.LoginDataProvider" name="LoginTest" time="0.000">
    <skipped/>
  </testcase> <!-- LoginTest -->
</testsuite> <!-- com.mk.testcases.LoginDataProvider -->
