<?xml version="1.0" encoding="UTF-8"?>
<!-- Generated by org.testng.reporters.JUnitReportReporter -->
<testsuite hostname="DESKTOP-5VBKCKK" failures="0" tests="3" name="com.mk.pages.DataProviderLTest" time="0.028" errors="0" timestamp="2024-11-04T22:09:47 IST" skipped="0">
  <testcase classname="com.mk.pages.DataProviderLTest" name="forlooprun3times" time="0.002"/>
  <testcase classname="com.mk.pages.DataProviderLTest" name="forlooprun3times" time="0.001"/>
  <testcase classname="com.mk.pages.DataProviderLTest" name="forlooprun3times" time="0.025"/>
</testsuite> <!-- com.mk.pages.DataProviderLTest -->
