<?xml version="1.0" encoding="UTF-8"?>
<!-- Generated by org.testng.reporters.JUnitReportReporter -->
<testsuite hostname="DESKTOP-5VBKCKK" failures="0" tests="1" name="com.mk.pages.Loginpage" time="5.064" errors="0" timestamp="2024-11-02T13:29:57 IST" skipped="0">
  <testcase classname="com.mk.pages.Loginpage" name="login" time="5.064"/>
</testsuite> <!-- com.mk.pages.Loginpage -->
