<?xml version="1.0" encoding="UTF-8"?>
<!-- Generated by org.testng.reporters.JUnitReportReporter -->
<testsuite hostname="DESKTOP-5VBKCKK" failures="0" tests="5" name="com.mk.testcases.LoginTest" time="40.096" errors="0" timestamp="2024-11-15T22:04:38 IST" skipped="0">
  <testcase classname="com.mk.testcases.LoginTest" name="loginTest" time="3.820"/>
  <testcase classname="com.mk.testcases.LoginTest" name="loginTest" time="3.698"/>
  <testcase classname="com.mk.testcases.LoginTest" name="loginTest" time="6.866"/>
  <testcase classname="com.mk.testcases.LoginTest" name="loginTest" time="3.584"/>
  <testcase classname="com.mk.testcases.LoginTest" name="loginTest" time="22.128"/>
</testsuite> <!-- com.mk.testcases.LoginTest -->
