<?xml version="1.0" encoding="UTF-8"?>
<!-- Generated by org.testng.reporters.JUnitReportReporter -->
<testsuite hostname="DESKTOP-5VBKCKK" failures="0" tests="5" name="com.mk.testcases.LoginTest" time="39.373" errors="0" timestamp="2024-11-17T22:41:09 IST" skipped="0">
  <testcase classname="com.mk.testcases.LoginTest" name="loginTest" time="4.172"/>
  <testcase classname="com.mk.testcases.LoginTest" name="loginTest" time="5.568"/>
  <testcase classname="com.mk.testcases.LoginTest" name="loginTest" time="2.749"/>
  <testcase classname="com.mk.testcases.LoginTest" name="loginTest" time="3.182"/>
  <testcase classname="com.mk.testcases.LoginTest" name="loginTest" time="23.702"/>
</testsuite> <!-- com.mk.testcases.LoginTest -->
